Determining if the pthread_create exist failed with the following output:
Change Dir: /home/dkirby/CS585/build/gtest/src/gtest-build/CMakeFiles/CMakeTmp

Run Build Command:/usr/bin/make "cmTryCompileExec4102486586/fast"
make[3]: Entering directory `/home/dkirby/CS585/build/gtest/src/gtest-build/CMakeFiles/CMakeTmp'
/usr/bin/make -f CMakeFiles/cmTryCompileExec4102486586.dir/build.make CMakeFiles/cmTryCompileExec4102486586.dir/build
make[4]: Entering directory `/home/dkirby/CS585/build/gtest/src/gtest-build/CMakeFiles/CMakeTmp'
/usr/bin/cmake -E cmake_progress_report /home/dkirby/CS585/build/gtest/src/gtest-build/CMakeFiles/CMakeTmp/CMakeFiles 1
Building C object CMakeFiles/cmTryCompileExec4102486586.dir/CheckSymbolExists.c.o
/usr/bin/cc    -o CMakeFiles/cmTryCompileExec4102486586.dir/CheckSymbolExists.c.o   -c /home/dkirby/CS585/build/gtest/src/gtest-build/CMakeFiles/CMakeTmp/CheckSymbolExists.c
Linking C executable cmTryCompileExec4102486586
/usr/bin/cmake -E cmake_link_script CMakeFiles/cmTryCompileExec4102486586.dir/link.txt --verbose=1
/usr/bin/cc       CMakeFiles/cmTryCompileExec4102486586.dir/CheckSymbolExists.c.o  -o cmTryCompileExec4102486586 -rdynamic 
CMakeFiles/cmTryCompileExec4102486586.dir/CheckSymbolExists.c.o: In function `main':
CheckSymbolExists.c:(.text+0x16): undefined reference to `pthread_create'
collect2: error: ld returned 1 exit status
make[4]: *** [cmTryCompileExec4102486586] Error 1
make[4]: Leaving directory `/home/dkirby/CS585/build/gtest/src/gtest-build/CMakeFiles/CMakeTmp'
make[3]: Leaving directory `/home/dkirby/CS585/build/gtest/src/gtest-build/CMakeFiles/CMakeTmp'
make[3]: *** [cmTryCompileExec4102486586/fast] Error 2

File /home/dkirby/CS585/build/gtest/src/gtest-build/CMakeFiles/CMakeTmp/CheckSymbolExists.c:
/* */
#include <pthread.h>

int main(int argc, char** argv)
{
  (void)argv;
#ifndef pthread_create
  return ((int*)(&pthread_create))[argc];
#else
  (void)argc;
  return 0;
#endif
}

Determining if the function pthread_create exists in the pthreads failed with the following output:
Change Dir: /home/dkirby/CS585/build/gtest/src/gtest-build/CMakeFiles/CMakeTmp

Run Build Command:/usr/bin/make "cmTryCompileExec2873128228/fast"
make[3]: Entering directory `/home/dkirby/CS585/build/gtest/src/gtest-build/CMakeFiles/CMakeTmp'
/usr/bin/make -f CMakeFiles/cmTryCompileExec2873128228.dir/build.make CMakeFiles/cmTryCompileExec2873128228.dir/build
make[4]: Entering directory `/home/dkirby/CS585/build/gtest/src/gtest-build/CMakeFiles/CMakeTmp'
/usr/bin/cmake -E cmake_progress_report /home/dkirby/CS585/build/gtest/src/gtest-build/CMakeFiles/CMakeTmp/CMakeFiles 1
Building C object CMakeFiles/cmTryCompileExec2873128228.dir/CheckFunctionExists.c.o
/usr/bin/cc   -DCHECK_FUNCTION_EXISTS=pthread_create   -o CMakeFiles/cmTryCompileExec2873128228.dir/CheckFunctionExists.c.o   -c /usr/share/cmake-2.8/Modules/CheckFunctionExists.c
Linking C executable cmTryCompileExec2873128228
/usr/bin/cmake -E cmake_link_script CMakeFiles/cmTryCompileExec2873128228.dir/link.txt --verbose=1
/usr/bin/cc   -DCHECK_FUNCTION_EXISTS=pthread_create    CMakeFiles/cmTryCompileExec2873128228.dir/CheckFunctionExists.c.o  -o cmTryCompileExec2873128228 -rdynamic -lpthreads 
/usr/bin/ld: cannot find -lpthreads
collect2: error: ld returned 1 exit status
make[4]: *** [cmTryCompileExec2873128228] Error 1
make[4]: Leaving directory `/home/dkirby/CS585/build/gtest/src/gtest-build/CMakeFiles/CMakeTmp'
make[3]: *** [cmTryCompileExec2873128228/fast] Error 2
make[3]: Leaving directory `/home/dkirby/CS585/build/gtest/src/gtest-build/CMakeFiles/CMakeTmp'


